Build started 3/22/2017 3:18:19 PM.
     1>Project "D:\workspace\SortAlgorithm\BaseSort\BaseSort.vcxproj" on node 2 (Build target(s)).
     1>ClCompile:
         C:\Program Files (x86)\Microsoft Visual Studio 12.0\VC\bin\CL.exe /c /ZI /nologo /W3 /WX- /Od /Oy- /D WIN32 /D _DEBUG /D _CONSOLE /D _LIB /D _UNICODE /D UNICODE /Gm /EHsc /RTC1 /MDd /GS /fp:precise /Zc:wchar_t /Zc:forScope /Fo"Debug\\" /Fd"Debug\vc120.pdb" /Gd /TP /analyze- /errorReport:prompt BaseSort.cpp
         BaseSort.cpp
     1>d:\workspace\sortalgorithm\basesort\basesort.cpp(25): warning C4018: '<' : signed/unsigned mismatch
     1>d:\workspace\sortalgorithm\basesort\basesort.cpp(39): warning C4018: '<' : signed/unsigned mismatch
     1>d:\workspace\sortalgorithm\basesort\basesort.cpp(44): warning C4018: '<' : signed/unsigned mismatch
     1>d:\workspace\sortalgorithm\basesort\basesort.cpp(62): warning C4018: '<' : signed/unsigned mismatch
     1>d:\workspace\sortalgorithm\basesort\basesort.cpp(70): warning C4018: '<' : signed/unsigned mismatch
     1>d:\workspace\sortalgorithm\basesort\basesort.cpp(74): warning C4018: '<' : signed/unsigned mismatch
     1>d:\workspace\sortalgorithm\basesort\basesort.cpp(81): warning C4018: '<' : signed/unsigned mismatch
     1>d:\workspace\sortalgorithm\basesort\basesort.cpp(92): warning C4018: '<' : signed/unsigned mismatch
       Link:
         C:\Program Files (x86)\Microsoft Visual Studio 12.0\VC\bin\link.exe /ERRORREPORT:PROMPT /OUT:"D:\workspace\SortAlgorithm\QuickSort\Debug\BaseSort.exe" /INCREMENTAL /NOLOGO kernel32.lib user32.lib gdi32.lib winspool.lib comdlg32.lib advapi32.lib shell32.lib ole32.lib oleaut32.lib uuid.lib odbc32.lib odbccp32.lib /MANIFEST /MANIFESTUAC:"level='asInvoker' uiAccess='false'" /manifest:embed /DEBUG /PDB:"D:\workspace\SortAlgorithm\QuickSort\Debug\BaseSort.pdb" /SUBSYSTEM:CONSOLE /TLBID:1 /DYNAMICBASE /NXCOMPAT /IMPLIB:"D:\workspace\SortAlgorithm\QuickSort\Debug\BaseSort.lib" /MACHINE:X86 Debug\BaseSort.obj
         Debug\stdafx.obj
         BaseSort.vcxproj -> D:\workspace\SortAlgorithm\QuickSort\Debug\BaseSort.exe
     1>Done Building Project "D:\workspace\SortAlgorithm\BaseSort\BaseSort.vcxproj" (Build target(s)).

Build succeeded.

Time Elapsed 00:00:00.66
